2023-10-31 16:17:44,945 - root - DEBUG - Create task : ('Name': Test, 'Due_date': 25/12/2025,'description': , 'completion': 0
2023-10-31 16:17:44,946 - root - DEBUG - Create task : ('Name': Tes2, 'Due_date': 25/12/2025,'description': , 'completion': 0
2023-10-31 16:17:44,946 - root - DEBUG - Create task : ('Name': Test3, 'Due_date': 25/12/2025,'description': , 'completion': 0
2023-10-31 16:19:59,142 - root - DEBUG - Create task : ('Name': Test, 'Due_date': 25/12/2025,'description': , 'completion': 0
2023-10-31 16:19:59,142 - root - DEBUG - Create task : ('Name': Tes2, 'Due_date': 25/12/2025,'description': , 'completion': 0
2023-10-31 16:19:59,142 - root - DEBUG - Create task : ('Name': Test3, 'Due_date': 25/12/2025,'description': , 'completion': 0
2023-10-31 16:19:59,142 - root - DEBUG - Create task : ('Name': 1, 'Due_date': 25/12/2025,'description': , 'completion': 0
2023-10-31 16:20:53,499 - root - DEBUG - Create task : ('Name': Test, 'Due_date': 25/12/2025,'description': , 'completion': 0
2023-10-31 16:20:53,499 - root - DEBUG - Create task : ('Name': Tes2, 'Due_date': 25/12/2025,'description': , 'completion': 0
2023-10-31 16:20:53,499 - root - DEBUG - Create task : ('Name': Test3, 'Due_date': 25/12/2025,'description': , 'completion': 0
2023-10-31 16:20:53,499 - root - DEBUG - Create task : ('Name': 2, 'Due_date': 25/12/2025,'description': , 'completion': 0
2023-10-31 16:26:02,121 - root - DEBUG - Create task : ('Name': Test, 'Due_date': 25/12/2025,'description': , 'completion': 0
2023-10-31 16:26:02,121 - root - DEBUG - Create task : ('Name': Tes2, 'Due_date': 25/12/2025,'description': , 'completion': 0
2023-10-31 16:26:02,122 - root - DEBUG - Create task : ('Name': Test3, 'Due_date': 25/12/2025,'description': , 'completion': 0
2023-10-31 16:26:02,122 - root - DEBUG - Create task : ('Name': 2, 'Due_date': 25/12/2025,'description': , 'completion': 0
2023-10-31 16:26:02,122 - root - DEBUG - Remove task : ('Name': Test,'Due_date': 2025-12-25 00:00:00,'description': ,'completion': 0
2023-10-31 16:30:57,889 - root - DEBUG - Setting task name to Tes2
2023-10-31 16:30:57,889 - root - DEBUG - Setting task due_date to 25/12/2025
2023-10-31 16:30:57,889 - root - DEBUG - Setting task description to 
2023-10-31 16:30:57,889 - root - DEBUG - Setting task completion to 0
2023-10-31 16:30:57,889 - root - DEBUG - Create task : ('Name': Tes2, 'Due_date': 25/12/2025,'description': , 'completion': 0
2023-10-31 16:30:57,890 - root - DEBUG - Setting task name to Test3
2023-10-31 16:30:57,890 - root - DEBUG - Setting task due_date to 25/12/2025
2023-10-31 16:30:57,890 - root - DEBUG - Setting task description to 
2023-10-31 16:30:57,890 - root - DEBUG - Setting task completion to 0
2023-10-31 16:30:57,890 - root - DEBUG - Create task : ('Name': Test3, 'Due_date': 25/12/2025,'description': , 'completion': 0
2023-10-31 16:30:57,890 - root - DEBUG - Setting task name to 2
2023-10-31 16:30:57,890 - root - DEBUG - Setting task due_date to 25/12/2025
2023-10-31 16:30:57,890 - root - DEBUG - Setting task description to 
2023-10-31 16:30:57,890 - root - DEBUG - Setting task completion to 0
2023-10-31 16:30:57,890 - root - DEBUG - Create task : ('Name': 2, 'Due_date': 25/12/2025,'description': , 'completion': 0
2023-10-31 16:30:57,890 - root - DEBUG - Creating all tasks from dict
2023-10-31 16:30:57,890 - root - DEBUG - Loading all tasks from a JSON file
2023-10-31 16:30:57,890 - root - DEBUG - Remove task : ('Name': Tes2,'Due_date': 2025-12-25 00:00:00,'description': ,'completion': 0
2023-10-31 16:30:57,890 - root - DEBUG - Converting all tasks into dict
2023-10-31 16:30:57,891 - root - DEBUG - Saving all tasks into a JSON file
2023-10-31 16:32:02,322 - root - DEBUG - Loading all tasks from a JSON file
2023-10-31 16:32:02,322 - root - DEBUG - Creating all tasks from dict
2023-10-31 16:32:02,323 - root - DEBUG - Setting task name to Test3
2023-10-31 16:32:02,323 - root - DEBUG - Setting task due_date to 25/12/2025
2023-10-31 16:32:02,323 - root - DEBUG - Setting task description to 
2023-10-31 16:32:02,323 - root - DEBUG - Setting task completion to 0
2023-10-31 16:32:02,323 - root - DEBUG - Create task : ('Name': Test3, 'Due_date': 25/12/2025,'description': , 'completion': 0
2023-10-31 16:32:02,323 - root - DEBUG - Setting task name to 2
2023-10-31 16:32:02,323 - root - DEBUG - Setting task due_date to 25/12/2025
2023-10-31 16:32:02,323 - root - DEBUG - Setting task description to 
2023-10-31 16:32:02,323 - root - DEBUG - Setting task completion to 0
2023-10-31 16:32:02,323 - root - DEBUG - Create task : ('Name': 2, 'Due_date': 25/12/2025,'description': , 'completion': 0
2023-10-31 16:32:02,323 - root - DEBUG - Remove task : ('Name': Test3,'Due_date': 2025-12-25 00:00:00,'description': ,'completion': 0
2023-10-31 16:32:02,323 - root - DEBUG - Saving all tasks into a JSON file
2023-10-31 16:32:02,323 - root - DEBUG - Converting all tasks into dict
2023-10-31 16:33:13,549 - root - DEBUG - Loading all tasks from a JSON file
2023-10-31 16:33:13,551 - root - DEBUG - Creating all tasks from dict
2023-10-31 16:33:13,551 - root - DEBUG - Setting task name to 2
2023-10-31 16:33:13,551 - root - DEBUG - Setting task due_date to 25/12/2025
2023-10-31 16:33:13,551 - root - DEBUG - Setting task description to 
2023-10-31 16:33:13,551 - root - DEBUG - Setting task completion to 0
2023-10-31 16:33:13,551 - root - DEBUG - Create task : ('Name': 2, 'Due_date': 25/12/2025,'description': , 'completion': 0
2023-10-31 16:33:13,551 - root - DEBUG - Remove task : ('Name': 2,'Due_date': 2025-12-25 00:00:00,'description': ,'completion': 0
2023-10-31 16:33:13,551 - root - DEBUG - Converting all tasks into dict
2023-10-31 16:33:13,551 - root - DEBUG - Saving all tasks into a JSON file
2023-10-31 16:36:35,954 - root - DEBUG - Loading all tasks from a JSON file
2023-10-31 16:36:35,955 - root - DEBUG - Setting task name to Test
2023-10-31 16:36:35,956 - root - DEBUG - Setting task due_date to 25/12/2025
2023-10-31 16:36:35,956 - root - DEBUG - Setting task description to 
2023-10-31 16:36:35,956 - root - DEBUG - Setting task completion to 0
2023-10-31 16:36:35,956 - root - DEBUG - Create task : ('Name': Test, 'Due_date': 25/12/2025,'description': , 'completion': 0
2023-10-31 16:36:35,956 - root - DEBUG - Converting all tasks into dict
2023-10-31 16:36:35,956 - root - DEBUG - Saving all tasks into a JSON file
